2013-06-29 23:14:30,879 - Default ResourceManager initialization complete.
2013-06-29 23:14:30,884 - Loaded System Directive: org.apache.velocity.runtime.directive.Literal
2013-06-29 23:14:30,887 - Loaded System Directive: org.apache.velocity.runtime.directive.Macro
2013-06-29 23:14:30,891 - Loaded System Directive: org.apache.velocity.runtime.directive.Parse
2013-06-29 23:14:30,894 - Loaded System Directive: org.apache.velocity.runtime.directive.Include
2013-06-29 23:14:30,896 - Loaded System Directive: org.apache.velocity.runtime.directive.Foreach
2013-06-29 23:14:30,938 - Created: 20 parsers.
2013-06-29 23:14:30,953 - Velocimacro : initialization starting.
2013-06-29 23:14:30,953 - Velocimacro : adding VMs from VM library template : VM_global_library.vm
2013-06-29 23:14:30,979 - ResourceManager : unable to find resource 'VM_global_library.vm' in any resource loader.
2013-06-29 23:14:30,979 - Velocimacro : error using  VM library template VM_global_library.vm : org.apache.velocity.exception.ResourceNotFoundException: Unable to find resource 'VM_global_library.vm'
2013-06-29 23:14:30,979 - Velocimacro :  VM library template macro registration complete.
2013-06-29 23:14:30,980 - Velocimacro : allowInline = true : VMs can be defined inline in templates
2013-06-29 23:14:30,980 - Velocimacro : allowInlineToOverride = false : VMs defined inline may NOT replace previous VM definitions
2013-06-29 23:14:30,980 - Velocimacro : allowInlineLocal = false : VMs defined inline will be  global in scope if allowed.
2013-06-29 23:14:30,980 - Velocimacro : messages on  : VM system will output logging messages
2013-06-29 23:14:30,980 - Velocimacro : autoload off  : VM system will not automatically reload global library macros
2013-06-29 23:14:30,980 - Velocimacro : initialization complete.
2013-06-29 23:14:30,980 - Velocity successfully started.
2013-06-29 23:27:37,156 - SimpleLog4JLogSystem initialized using logfile 'velocity.log'
2013-06-29 23:27:37,157 - ************************************************************** 
2013-06-29 23:27:37,157 - Starting Jakarta Velocity v1.4
2013-06-29 23:27:37,157 - RuntimeInstance initializing.
2013-06-29 23:27:37,157 - Default Properties File: org\apache\velocity\runtime\defaults\velocity.properties
2013-06-29 23:27:37,157 - Trying to use logger class org.apache.velocity.runtime.log.SimpleLog4JLogSystem
2013-06-29 23:27:37,157 - Using logger class org.apache.velocity.runtime.log.SimpleLog4JLogSystem
2013-06-29 23:27:37,161 - Default ResourceManager initializing. (class org.apache.velocity.runtime.resource.ResourceManagerImpl)
2013-06-29 23:27:37,166 - Resource Loader Instantiated: org.apache.velocity.runtime.resource.loader.ClasspathResourceLoader
2013-06-29 23:27:37,166 - ClasspathResourceLoader : initialization starting.
2013-06-29 23:27:37,166 - ClasspathResourceLoader : initialization complete.
2013-06-29 23:27:37,170 - ResourceCache : initialized. (class org.apache.velocity.runtime.resource.ResourceCacheImpl)
2013-06-29 23:27:37,171 - Default ResourceManager initialization complete.
2013-06-29 23:27:37,174 - Loaded System Directive: org.apache.velocity.runtime.directive.Literal
2013-06-29 23:27:37,177 - Loaded System Directive: org.apache.velocity.runtime.directive.Macro
2013-06-29 23:27:37,182 - Loaded System Directive: org.apache.velocity.runtime.directive.Parse
2013-06-29 23:27:37,185 - Loaded System Directive: org.apache.velocity.runtime.directive.Include
2013-06-29 23:27:37,186 - Loaded System Directive: org.apache.velocity.runtime.directive.Foreach
2013-06-29 23:27:37,231 - Created: 20 parsers.
2013-06-29 23:27:37,247 - Velocimacro : initialization starting.
2013-06-29 23:27:37,247 - Velocimacro : adding VMs from VM library template : VM_global_library.vm
2013-06-29 23:27:37,263 - ResourceManager : unable to find resource 'VM_global_library.vm' in any resource loader.
2013-06-29 23:27:37,263 - Velocimacro : error using  VM library template VM_global_library.vm : org.apache.velocity.exception.ResourceNotFoundException: Unable to find resource 'VM_global_library.vm'
2013-06-29 23:27:37,263 - Velocimacro :  VM library template macro registration complete.
2013-06-29 23:27:37,263 - Velocimacro : allowInline = true : VMs can be defined inline in templates
2013-06-29 23:27:37,263 - Velocimacro : allowInlineToOverride = false : VMs defined inline may NOT replace previous VM definitions
2013-06-29 23:27:37,264 - Velocimacro : allowInlineLocal = false : VMs defined inline will be  global in scope if allowed.
2013-06-29 23:27:37,264 - Velocimacro : messages on  : VM system will output logging messages
2013-06-29 23:27:37,264 - Velocimacro : autoload off  : VM system will not automatically reload global library macros
2013-06-29 23:27:37,264 - Velocimacro : initialization complete.
2013-06-29 23:27:37,264 - Velocity successfully started.
2013-06-29 23:28:42,206 - SimpleLog4JLogSystem initialized using logfile 'velocity.log'
2013-06-29 23:28:42,206 - ************************************************************** 
2013-06-29 23:28:42,206 - Starting Jakarta Velocity v1.4
2013-06-29 23:28:42,206 - RuntimeInstance initializing.
2013-06-29 23:28:42,206 - Default Properties File: org\apache\velocity\runtime\defaults\velocity.properties
2013-06-29 23:28:42,207 - Trying to use logger class org.apache.velocity.runtime.log.SimpleLog4JLogSystem
2013-06-29 23:28:42,207 - Using logger class org.apache.velocity.runtime.log.SimpleLog4JLogSystem
2013-06-29 23:28:42,211 - Default ResourceManager initializing. (class org.apache.velocity.runtime.resource.ResourceManagerImpl)
2013-06-29 23:28:42,216 - Resource Loader Instantiated: org.apache.velocity.runtime.resource.loader.ClasspathResourceLoader
2013-06-29 23:28:42,216 - ClasspathResourceLoader : initialization starting.
2013-06-29 23:28:42,216 - ClasspathResourceLoader : initialization complete.
2013-06-29 23:28:42,218 - ResourceCache : initialized. (class org.apache.velocity.runtime.resource.ResourceCacheImpl)
2013-06-29 23:28:42,218 - Default ResourceManager initialization complete.
2013-06-29 23:28:42,221 - Loaded System Directive: org.apache.velocity.runtime.directive.Literal
2013-06-29 23:28:42,225 - Loaded System Directive: org.apache.velocity.runtime.directive.Macro
2013-06-29 23:28:42,229 - Loaded System Directive: org.apache.velocity.runtime.directive.Parse
2013-06-29 23:28:42,232 - Loaded System Directive: org.apache.velocity.runtime.directive.Include
2013-06-29 23:28:42,233 - Loaded System Directive: org.apache.velocity.runtime.directive.Foreach
2013-06-29 23:28:42,275 - Created: 20 parsers.
2013-06-29 23:28:42,291 - Velocimacro : initialization starting.
2013-06-29 23:28:42,291 - Velocimacro : adding VMs from VM library template : VM_global_library.vm
2013-06-29 23:28:42,307 - ResourceManager : unable to find resource 'VM_global_library.vm' in any resource loader.
2013-06-29 23:28:42,307 - Velocimacro : error using  VM library template VM_global_library.vm : org.apache.velocity.exception.ResourceNotFoundException: Unable to find resource 'VM_global_library.vm'
2013-06-29 23:28:42,307 - Velocimacro :  VM library template macro registration complete.
2013-06-29 23:28:42,307 - Velocimacro : allowInline = true : VMs can be defined inline in templates
2013-06-29 23:28:42,307 - Velocimacro : allowInlineToOverride = false : VMs defined inline may NOT replace previous VM definitions
2013-06-29 23:28:42,307 - Velocimacro : allowInlineLocal = false : VMs defined inline will be  global in scope if allowed.
2013-06-29 23:28:42,307 - Velocimacro : messages on  : VM system will output logging messages
2013-06-29 23:28:42,307 - Velocimacro : autoload off  : VM system will not automatically reload global library macros
2013-06-29 23:28:42,308 - Velocimacro : initialization complete.
2013-06-29 23:28:42,308 - Velocity successfully started.
2013-06-29 23:56:01,812 - SimpleLog4JLogSystem initialized using logfile 'velocity.log'
2013-06-29 23:56:01,813 - ************************************************************** 
2013-06-29 23:56:01,813 - Starting Jakarta Velocity v1.4
2013-06-29 23:56:01,813 - RuntimeInstance initializing.
2013-06-29 23:56:01,813 - Default Properties File: org\apache\velocity\runtime\defaults\velocity.properties
2013-06-29 23:56:01,813 - Trying to use logger class org.apache.velocity.runtime.log.SimpleLog4JLogSystem
2013-06-29 23:56:01,813 - Using logger class org.apache.velocity.runtime.log.SimpleLog4JLogSystem
2013-06-29 23:56:01,820 - Default ResourceManager initializing. (class org.apache.velocity.runtime.resource.ResourceManagerImpl)
2013-06-29 23:56:01,825 - Resource Loader Instantiated: org.apache.velocity.runtime.resource.loader.ClasspathResourceLoader
2013-06-29 23:56:01,825 - ClasspathResourceLoader : initialization starting.
2013-06-29 23:56:01,825 - ClasspathResourceLoader : initialization complete.
2013-06-29 23:56:01,828 - ResourceCache : initialized. (class org.apache.velocity.runtime.resource.ResourceCacheImpl)
2013-06-29 23:56:01,828 - Default ResourceManager initialization complete.
2013-06-29 23:56:01,831 - Loaded System Directive: org.apache.velocity.runtime.directive.Literal
2013-06-29 23:56:01,833 - Loaded System Directive: org.apache.velocity.runtime.directive.Macro
2013-06-29 23:56:01,838 - Loaded System Directive: org.apache.velocity.runtime.directive.Parse
2013-06-29 23:56:01,841 - Loaded System Directive: org.apache.velocity.runtime.directive.Include
2013-06-29 23:56:01,842 - Loaded System Directive: org.apache.velocity.runtime.directive.Foreach
2013-06-29 23:56:01,885 - Created: 20 parsers.
2013-06-29 23:56:01,900 - Velocimacro : initialization starting.
2013-06-29 23:56:01,901 - Velocimacro : adding VMs from VM library template : VM_global_library.vm
2013-06-29 23:56:01,917 - ResourceManager : unable to find resource 'VM_global_library.vm' in any resource loader.
2013-06-29 23:56:01,917 - Velocimacro : error using  VM library template VM_global_library.vm : org.apache.velocity.exception.ResourceNotFoundException: Unable to find resource 'VM_global_library.vm'
2013-06-29 23:56:01,917 - Velocimacro :  VM library template macro registration complete.
2013-06-29 23:56:01,917 - Velocimacro : allowInline = true : VMs can be defined inline in templates
2013-06-29 23:56:01,917 - Velocimacro : allowInlineToOverride = false : VMs defined inline may NOT replace previous VM definitions
2013-06-29 23:56:01,917 - Velocimacro : allowInlineLocal = false : VMs defined inline will be  global in scope if allowed.
2013-06-29 23:56:01,917 - Velocimacro : messages on  : VM system will output logging messages
2013-06-29 23:56:01,917 - Velocimacro : autoload off  : VM system will not automatically reload global library macros
2013-06-29 23:56:01,917 - Velocimacro : initialization complete.
2013-06-29 23:56:01,917 - Velocity successfully started.
2013-06-30 00:02:44,677 - SimpleLog4JLogSystem initialized using logfile 'velocity.log'
2013-06-30 00:02:44,677 - ************************************************************** 
2013-06-30 00:02:44,677 - Starting Jakarta Velocity v1.4
2013-06-30 00:02:44,677 - RuntimeInstance initializing.
2013-06-30 00:02:44,677 - Default Properties File: org\apache\velocity\runtime\defaults\velocity.properties
2013-06-30 00:02:44,677 - Trying to use logger class org.apache.velocity.runtime.log.SimpleLog4JLogSystem
2013-06-30 00:02:44,677 - Using logger class org.apache.velocity.runtime.log.SimpleLog4JLogSystem
2013-06-30 00:02:44,682 - Default ResourceManager initializing. (class org.apache.velocity.runtime.resource.ResourceManagerImpl)
2013-06-30 00:02:44,686 - Resource Loader Instantiated: org.apache.velocity.runtime.resource.loader.ClasspathResourceLoader
2013-06-30 00:02:44,686 - ClasspathResourceLoader : initialization starting.
2013-06-30 00:02:44,686 - ClasspathResourceLoader : initialization complete.
2013-06-30 00:02:44,690 - ResourceCache : initialized. (class org.apache.velocity.runtime.resource.ResourceCacheImpl)
2013-06-30 00:02:44,690 - Default ResourceManager initialization complete.
2013-06-30 00:02:44,693 - Loaded System Directive: org.apache.velocity.runtime.directive.Literal
2013-06-30 00:02:44,696 - Loaded System Directive: org.apache.velocity.runtime.directive.Macro
2013-06-30 00:02:44,701 - Loaded System Directive: org.apache.velocity.runtime.directive.Parse
2013-06-30 00:02:44,706 - Loaded System Directive: org.apache.velocity.runtime.directive.Include
2013-06-30 00:02:44,707 - Loaded System Directive: org.apache.velocity.runtime.directive.Foreach
2013-06-30 00:02:44,752 - Created: 20 parsers.
2013-06-30 00:02:44,768 - Velocimacro : initialization starting.
2013-06-30 00:02:44,768 - Velocimacro : adding VMs from VM library template : VM_global_library.vm
2013-06-30 00:02:44,784 - ResourceManager : unable to find resource 'VM_global_library.vm' in any resource loader.
2013-06-30 00:02:44,784 - Velocimacro : error using  VM library template VM_global_library.vm : org.apache.velocity.exception.ResourceNotFoundException: Unable to find resource 'VM_global_library.vm'
2013-06-30 00:02:44,784 - Velocimacro :  VM library template macro registration complete.
2013-06-30 00:02:44,785 - Velocimacro : allowInline = true : VMs can be defined inline in templates
2013-06-30 00:02:44,785 - Velocimacro : allowInlineToOverride = false : VMs defined inline may NOT replace previous VM definitions
2013-06-30 00:02:44,785 - Velocimacro : allowInlineLocal = false : VMs defined inline will be  global in scope if allowed.
2013-06-30 00:02:44,785 - Velocimacro : messages on  : VM system will output logging messages
2013-06-30 00:02:44,785 - Velocimacro : autoload off  : VM system will not automatically reload global library macros
2013-06-30 00:02:44,785 - Velocimacro : initialization complete.
2013-06-30 00:02:44,785 - Velocity successfully started.
2013-06-30 00:08:22,292 - SimpleLog4JLogSystem initialized using logfile 'velocity.log'
2013-06-30 00:08:22,292 - ************************************************************** 
2013-06-30 00:08:22,292 - Starting Jakarta Velocity v1.4
2013-06-30 00:08:22,292 - RuntimeInstance initializing.
2013-06-30 00:08:22,292 - Default Properties File: org\apache\velocity\runtime\defaults\velocity.properties
2013-06-30 00:08:22,292 - Trying to use logger class org.apache.velocity.runtime.log.SimpleLog4JLogSystem
2013-06-30 00:08:22,292 - Using logger class org.apache.velocity.runtime.log.SimpleLog4JLogSystem
2013-06-30 00:08:22,297 - Default ResourceManager initializing. (class org.apache.velocity.runtime.resource.ResourceManagerImpl)
2013-06-30 00:08:22,302 - Resource Loader Instantiated: org.apache.velocity.runtime.resource.loader.ClasspathResourceLoader
2013-06-30 00:08:22,302 - ClasspathResourceLoader : initialization starting.
2013-06-30 00:08:22,302 - ClasspathResourceLoader : initialization complete.
2013-06-30 00:08:22,304 - ResourceCache : initialized. (class org.apache.velocity.runtime.resource.ResourceCacheImpl)
2013-06-30 00:08:22,304 - Default ResourceManager initialization complete.
2013-06-30 00:08:22,307 - Loaded System Directive: org.apache.velocity.runtime.directive.Literal
2013-06-30 00:08:22,311 - Loaded System Directive: org.apache.velocity.runtime.directive.Macro
2013-06-30 00:08:22,316 - Loaded System Directive: org.apache.velocity.runtime.directive.Parse
2013-06-30 00:08:22,320 - Loaded System Directive: org.apache.velocity.runtime.directive.Include
2013-06-30 00:08:22,321 - Loaded System Directive: org.apache.velocity.runtime.directive.Foreach
2013-06-30 00:08:22,365 - Created: 20 parsers.
2013-06-30 00:08:22,383 - Velocimacro : initialization starting.
2013-06-30 00:08:22,383 - Velocimacro : adding VMs from VM library template : VM_global_library.vm
2013-06-30 00:08:22,401 - ResourceManager : unable to find resource 'VM_global_library.vm' in any resource loader.
2013-06-30 00:08:22,401 - Velocimacro : error using  VM library template VM_global_library.vm : org.apache.velocity.exception.ResourceNotFoundException: Unable to find resource 'VM_global_library.vm'
2013-06-30 00:08:22,401 - Velocimacro :  VM library template macro registration complete.
2013-06-30 00:08:22,401 - Velocimacro : allowInline = true : VMs can be defined inline in templates
2013-06-30 00:08:22,401 - Velocimacro : allowInlineToOverride = false : VMs defined inline may NOT replace previous VM definitions
2013-06-30 00:08:22,401 - Velocimacro : allowInlineLocal = false : VMs defined inline will be  global in scope if allowed.
2013-06-30 00:08:22,401 - Velocimacro : messages on  : VM system will output logging messages
2013-06-30 00:08:22,401 - Velocimacro : autoload off  : VM system will not automatically reload global library macros
2013-06-30 00:08:22,401 - Velocimacro : initialization complete.
2013-06-30 00:08:22,401 - Velocity successfully started.
